<?xml version="1.0" encoding="UTF-8"?>
<!-- Generated by org.testng.reporters.JUnitXMLReporter -->
<testsuite ignored="1" hostname="MSI" failures="0" tests="1" name="ChromeTest" time="6.375" errors="0" timestamp="2023-12-21T09:21:08 IST">
  <testcase classname="phase2_practice_project.phase2_practice_project.testing_webelements" name="chromeTest" time="5.952"/>
  <testcase classname="phase2_practice_project.phase2_practice_project.testing_webelements" name="edgeTest" time="0.0">
    <ignored/>
  </testcase> <!-- edgeTest -->
</testsuite> <!-- ChromeTest -->
