<?xml version="1.0" encoding="UTF-8"?>
<testng-results ignored="0" total="2" passed="2" failed="0" skipped="0">
  <reporter-output>
  </reporter-output>
  <suite started-at="2023-12-21T09:22:28 IST" name="Default suite" finished-at="2023-12-21T09:22:43 IST" duration-ms="15057">
    <groups>
    </groups>
    <test started-at="2023-12-21T09:22:28 IST" name="Default test" finished-at="2023-12-21T09:22:43 IST" duration-ms="15057">
      <class name="phase2_practice_project.phase2_practice_project.testing_webelements">
        <test-method is-config="true" signature="beforeClass()[pri:0, instance:phase2_practice_project.phase2_practice_project.testing_webelements@4fb61f4a]" started-at="2023-12-21T09:22:28 IST" name="beforeClass" finished-at="2023-12-21T09:22:28 IST" duration-ms="128" status="PASS">
          <reporter-output>
          </reporter-output>
        </test-method> <!-- beforeClass -->
        <test-method signature="chromeTest()[pri:0, instance:phase2_practice_project.phase2_practice_project.testing_webelements@4fb61f4a]" started-at="2023-12-21T09:22:28 IST" name="chromeTest" finished-at="2023-12-21T09:22:37 IST" duration-ms="8099" status="PASS">
          <reporter-output>
          </reporter-output>
        </test-method> <!-- chromeTest -->
        <test-method signature="edgeTest()[pri:0, instance:phase2_practice_project.phase2_practice_project.testing_webelements@4fb61f4a]" started-at="2023-12-21T09:22:37 IST" name="edgeTest" finished-at="2023-12-21T09:22:43 IST" duration-ms="6544" status="PASS">
          <reporter-output>
          </reporter-output>
        </test-method> <!-- edgeTest -->
        <test-method is-config="true" signature="afterClass()[pri:0, instance:phase2_practice_project.phase2_practice_project.testing_webelements@4fb61f4a]" started-at="2023-12-21T09:22:43 IST" name="afterClass" finished-at="2023-12-21T09:22:43 IST" duration-ms="250" status="PASS">
          <reporter-output>
          </reporter-output>
        </test-method> <!-- afterClass -->
      </class> <!-- phase2_practice_project.phase2_practice_project.testing_webelements -->
    </test> <!-- Default test -->
  </suite> <!-- Default suite -->
</testng-results>
