<?xml version="1.0" encoding="UTF-8"?>
<!-- Generated by org.testng.reporters.JUnitXMLReporter -->
<testsuite ignored="0" hostname="MSI" failures="0" tests="2" name="Default test" time="15.057" errors="0" timestamp="2023-12-21T09:22:43 IST">
  <testcase classname="phase2_practice_project.phase2_practice_project.testing_webelements" name="chromeTest" time="8.099"/>
  <testcase classname="phase2_practice_project.phase2_practice_project.testing_webelements" name="edgeTest" time="6.544"/>
</testsuite> <!-- Default test -->
